<?xml version="1.0" encoding="UTF-8"?>
<!-- Generated by org.testng.reporters.JUnitReportReporter -->
<testsuite hostname="DESKTOP-835H1HG" failures="0" tests="1" name="com.govind.com.javatesting.googletitle" time="48.172" errors="0" timestamp="2023-10-02T16:15:11 IST" skipped="0">
  <testcase classname="com.govind.com.javatesting.googletitle" name="titletest" time="48.172"/>
</testsuite> <!-- com.govind.com.javatesting.googletitle -->
